branches/jinzi/proguard/mapping.txt
org.bouncycastle.jce.provider.JDKISOSignature -> org.bouncycastle.jce.provider.JDKISOSignature:
    org.bouncycastle.crypto.signers.ISO9796d2Signer signer -> a
    void engineInitVerify(java.security.PublicKey) -> engineInitVerify
    void engineInitSign(java.security.PrivateKey) -> engineInitSign
    void engineUpdate(byte) -> engineUpdate
    void engineUpdate(byte[],int,int) -> engineUpdate
    byte[] engineSign() -> engineSign
    boolean engineVerify(byte[]) -> engineVerify
    void engineSetParameter(java.security.spec.AlgorithmParameterSpec) -> engineSetParameter
    void engineSetParameter(java.lang.String,java.lang.Object) -> engineSetParameter
    java.lang.Object engineGetParameter(java.lang.String) -> engineGetParameter
org.bouncycastle.jce.provider.JDKISOSignature$MD5WithRSAEncryption -> org.bouncycastle.jce.provider.JDKISOSignature$MD5WithRSAEncryption:
org.bouncycastle.jce.provider.JDKISOSignature$RIPEMD160WithRSAEncryption -> org.bouncycastle.jce.provider.JDKISOSignature$RIPEMD160WithRSAEncryption:
org.bouncycastle.jce.provider.JDKISOSignature$SHA1WithRSAEncryption -> org.bouncycastle.jce.provider.JDKISOSignature$SHA1WithRSAEncryption:
org.bouncycastle.jce.provider.JDKKeyFactory -> org.bouncycastle.jce.provider.JDKKeyFactory:
    java.lang.Class class$java$security$spec$PKCS8EncodedKeySpec -> a
    java.lang.Class class$java$security$spec$X509EncodedKeySpec -> b
    java.lang.Class class$java$security$spec$RSAPublicKeySpec -> c
    java.lang.Class class$java$security$spec$RSAPrivateKeySpec -> d
    java.lang.Class class$java$security$spec$RSAPrivateCrtKeySpec -> e
    java.security.spec.KeySpec engineGetKeySpec(java.security.Key,java.lang.Class) -> engineGetKeySpec
    java.security.Key engineTranslateKey(java.security.Key) -> engineTranslateKey
    java.security.PublicKey createPublicKeyFromDERStream(java.io.InputStream) -> a
    java.security.PublicKey createPublicKeyFromPublicKeyInfo(org.bouncycastle.asn1.x509.SubjectPublicKeyInfo) -> a
    java.security.PrivateKey createPrivateKeyFromDERStream(java.io.InputStream) -> b
    java.security.PrivateKey createPrivateKeyFromPrivateKeyInfo(org.bouncycastle.asn1.pkcs.PrivateKeyInfo) -> a
    java.lang.Class class$(java.lang.String) -> a
org.bouncycastle.jce.provider.JDKKeyFactory$DH -> org.bouncycastle.jce.provider.JDKKeyFactory$DH:
    java.security.PrivateKey engineGeneratePrivate(java.security.spec.KeySpec) -> engineGeneratePrivate
    java.security.PublicKey engineGeneratePublic(java.security.spec.KeySpec) -> engineGeneratePublic
org.bouncycastle.jce.provider.JDKKeyFactory$DSA -> org.bouncycastle.jce.provider.JDKKeyFactory$DSA:
    java.security.PrivateKey engineGeneratePrivate(java.security.spec.KeySpec) -> engineGeneratePrivate
    java.security.PublicKey engineGeneratePublic(java.security.spec.KeySpec) -> engineGeneratePublic
org.bouncycastle.jce.provider.JDKKeyFactory$EC -> org.bouncycastle.jce.provider.JDKKeyFactory$EC:
    java.lang.String algorithm -> a
    java.security.PrivateKey engineGeneratePrivate(java.security.spec.KeySpec) -> engineGeneratePrivate
    java.security.PublicKey engineGeneratePublic(java.security.spec.KeySpec) -> engineGeneratePublic
org.bouncycastle.jce.provider.JDKKeyFactory$ECDH -> org.bouncycastle.jce.provider.JDKKeyFactory$ECDH:
org.bouncycastle.jce.provider.JDKKeyFactory$ECDHC -> org.bouncycastle.jce.provider.JDKKeyFactory$ECDHC:
org.bouncycastle.jce.provider.JDKKeyFactory$ECDSA -> org.bouncycastle.jce.provider.JDKKeyFactory$ECDSA:
org.bouncycastle.jce.provider.JDKKeyFactory$ElGamal -> org.bouncycastle.jce.provider.JDKKeyFactory$ElGamal:
    java.security.PrivateKey engineGeneratePrivate(java.security.spec.KeySpec) -> engineGeneratePrivate
    java.security.PublicKey engineGeneratePublic(java.security.spec.KeySpec) -> engineGeneratePublic